Mono path[0] = 'C:/Users/alex/Desktop/Valheim/valheim_Data/Managed'
Mono config path = 'C:/Users/alex/Desktop/Valheim/MonoBleedingEdge/etc'
Initialize engine version: 2019.4.16f1 (e05b6e02d63e)
[Subsystems] Discovering subsystems at path C:/Users/alex/Desktop/Valheim/valheim_Data/UnitySubsystems
GfxDevice: creating device client; threaded=1
Direct3D:
    Version:  Direct3D 11.0 [level 11.1]
    Renderer: NVIDIA GeForce RTX 2060 SUPER (ID=0x1f06)
    Vendor:   
    VRAM:     8031 MB
    Driver:   27.21.14.6109
Begin MonoManager ReloadAssembly
- Completed reload, in  0.071 seconds
D3D11 device created for Microsoft Media Foundation video decoding.
<RI> Initializing input.
<RI> Input initialized.
<RI> Initialized touch support.
UnloadTime: 0.478100 ms
02/17/2021 18:03:17: Starting to load scene:start
 
(Filename: C:\buildslave\unity\build\Runtime/Export/Debug/Debug.bindings.h Line: 35)

Couldn't create a Convex Mesh from source mesh "RearBig" within the maximum polygons limit (256). The partial hull will be used. Consider simplifying your mesh. 
(Filename:  Line: 91)

Unloading 6 Unused Serialized files (Serialized files now loaded: 0)
Setting up 6 worker threads for Enlighten.
  Thread -> id: e64 -> priority: 1 
  Thread -> id: 237c -> priority: 1 
  Thread -> id: 10b8 -> priority: 1 
  Thread -> id: 894 -> priority: 1 
  Thread -> id: 19d8 -> priority: 1 
  Thread -> id: 388c -> priority: 1 
UnloadTime: 3.870400 ms
Only custom filters can be played. Please add a custom filter or an audioclip to the audiosource (Amb_MainMenu). 
(Filename:  Line: 509)

Initializing Google Analytics 0.2. 
(Filename: C:\buildslave\unity\build\Runtime/Export/Debug/Debug.bindings.h Line: 35)

02/17/2021 18:03:25: Initializing world generator seed: ( 0 )   menu:True  worldgen version:1
 
(Filename: C:\buildslave\unity\build\Runtime/Export/Debug/Debug.bindings.h Line: 35)

02/17/2021 18:03:25: Using mountain distance: 1000
 
(Filename: C:\buildslave\unity\build\Runtime/Export/Debug/Debug.bindings.h Line: 35)

02/17/2021 18:03:25: Render threading mode:MultiThreaded
 
(Filename: C:\buildslave\unity\build\Runtime/Export/Debug/Debug.bindings.h Line: 35)

02/17/2021 18:03:25: Using environment steamid 892970
 
(Filename: C:\buildslave\unity\build\Runtime/Export/Debug/Debug.bindings.h Line: 35)

02/17/2021 18:03:25: Using steam APPID:892970
 
(Filename: C:\buildslave\unity\build\Runtime/Export/Debug/Debug.bindings.h Line: 35)

02/17/2021 18:03:25: Steam initialized, persona:Dukha
 
(Filename: C:\buildslave\unity\build\Runtime/Export/Debug/Debug.bindings.h Line: 35)

02/17/2021 18:03:25: Missing audio clip in music respawn
 
(Filename: C:\buildslave\unity\build\Runtime/Export/Debug/Debug.bindings.h Line: 35)

02/17/2021 18:03:25: Checking for installed DLCs
 
(Filename: C:\buildslave\unity\build\Runtime/Export/Debug/Debug.bindings.h Line: 35)

02/17/2021 18:03:25: DLC:beta installed:False
 
(Filename: C:\buildslave\unity\build\Runtime/Export/Debug/Debug.bindings.h Line: 35)

02/17/2021 18:03:25: Builder started
 
(Filename: C:\buildslave\unity\build\Runtime/Export/Debug/Debug.bindings.h Line: 35)

02/17/2021 18:03:25: Loaded localization English
 
(Filename: C:\buildslave\unity\build\Runtime/Export/Debug/Debug.bindings.h Line: 35)

02/17/2021 18:03:25: Loaded localization Portuguese_Brazilian
 
(Filename: C:\buildslave\unity\build\Runtime/Export/Debug/Debug.bindings.h Line: 35)

02/17/2021 18:03:25: ARG 0 C:\Users\alex\Desktop\Valheim\valheim.exe
 
(Filename: C:\buildslave\unity\build\Runtime/Export/Debug/Debug.bindings.h Line: 35)

02/17/2021 18:03:25: loading ordin
 
(Filename: C:\buildslave\unity\build\Runtime/Export/Debug/Debug.bindings.h Line: 35)

02/17/2021 18:03:25: Data size:4199328  hash size:64
 
(Filename: C:\buildslave\unity\build\Runtime/Export/Debug/Debug.bindings.h Line: 35)


Unloading 16 unused Assets to reduce memory usage. Loaded Objects now: 87629.
Total: 39.625800 ms (FindLiveObjects: 3.429800 ms CreateObjectMapping: 3.655800 ms MarkObjects: 32.300500 ms  DeleteObjects: 0.239500 ms)

02/17/2021 18:03:27: UI Group status changed Menu = True
 
(Filename: C:\buildslave\unity\build\Runtime/Export/Debug/Debug.bindings.h Line: 35)

02/17/2021 18:03:35: show character selection
 
(Filename: C:\buildslave\unity\build\Runtime/Export/Debug/Debug.bindings.h Line: 35)

02/17/2021 18:03:38: OnCharacterStart
 
(Filename: C:\buildslave\unity\build\Runtime/Export/Debug/Debug.bindings.h Line: 35)

Unloading 6 Unused Serialized files (Serialized files now loaded: 0)
UnloadTime: 7.961900 ms
02/17/2021 18:03:43: Loading player profile ordin
 
(Filename: C:\buildslave\unity\build\Runtime/Export/Debug/Debug.bindings.h Line: 35)

02/17/2021 18:03:43: Data size:4199328  hash size:64
 
(Filename: C:\buildslave\unity\build\Runtime/Export/Debug/Debug.bindings.h Line: 35)

02/17/2021 18:03:43: Zonesystem Awake 1037
 
(Filename: C:\buildslave\unity\build\Runtime/Export/Debug/Debug.bindings.h Line: 35)

02/17/2021 18:03:43: DungeonDB Awake 1037
 
(Filename: C:\buildslave\unity\build\Runtime/Export/Debug/Debug.bindings.h Line: 35)

02/17/2021 18:03:43: Steam initialized, persona:Dukha
 
(Filename: C:\buildslave\unity\build\Runtime/Export/Debug/Debug.bindings.h Line: 35)

02/17/2021 18:03:43: ZSteamSocket  Registering global callbacks
 
(Filename: C:\buildslave\unity\build\Runtime/Export/Debug/Debug.bindings.h Line: 35)

02/17/2021 18:03:43: Registering lobby
 
(Filename: C:\buildslave\unity\build\Runtime/Export/Debug/Debug.bindings.h Line: 35)

02/17/2021 18:03:43: Initializing world generator seed:588hjydZpl ( 139821176 )   menu:False  worldgen version:1
 
(Filename: C:\buildslave\unity\build\Runtime/Export/Debug/Debug.bindings.h Line: 35)

02/17/2021 18:03:43: Using mountain distance: 1000
 
(Filename: C:\buildslave\unity\build\Runtime/Export/Debug/Debug.bindings.h Line: 35)

02/17/2021 18:03:43: Found 540 mountain points
 
(Filename: C:\buildslave\unity\build\Runtime/Export/Debug/Debug.bindings.h Line: 35)

02/17/2021 18:03:43: Remaining mountains:67
 
(Filename: C:\buildslave\unity\build\Runtime/Export/Debug/Debug.bindings.h Line: 35)

02/17/2021 18:03:43: Calc time 16,0023 ms
 
(Filename: C:\buildslave\unity\build\Runtime/Export/Debug/Debug.bindings.h Line: 35)

02/17/2021 18:03:43: Found 8551 lake points
 
(Filename: C:\buildslave\unity\build\Runtime/Export/Debug/Debug.bindings.h Line: 35)

02/17/2021 18:03:45: Remaining lakes:110
 
(Filename: C:\buildslave\unity\build\Runtime/Export/Debug/Debug.bindings.h Line: 35)

02/17/2021 18:03:45: Calc time 1919,1936 ms
 
(Filename: C:\buildslave\unity\build\Runtime/Export/Debug/Debug.bindings.h Line: 35)

02/17/2021 18:03:45: Rivers:140
 
(Filename: C:\buildslave\unity\build\Runtime/Export/Debug/Debug.bindings.h Line: 35)

02/17/2021 18:03:45: River buckets 14135
 
(Filename: C:\buildslave\unity\build\Runtime/Export/Debug/Debug.bindings.h Line: 35)

02/17/2021 18:03:45: River render time 190,1519 ms
 
(Filename: C:\buildslave\unity\build\Runtime/Export/Debug/Debug.bindings.h Line: 35)

02/17/2021 18:03:45: River Calc time 200,1522 ms
 
(Filename: C:\buildslave\unity\build\Runtime/Export/Debug/Debug.bindings.h Line: 35)

02/17/2021 18:03:46: River buckets 22309
 
(Filename: C:\buildslave\unity\build\Runtime/Export/Debug/Debug.bindings.h Line: 35)

02/17/2021 18:03:46: River render time 303,0726 ms
 
(Filename: C:\buildslave\unity\build\Runtime/Export/Debug/Debug.bindings.h Line: 35)

02/17/2021 18:03:46: Placed 1787 streams
 
(Filename: C:\buildslave\unity\build\Runtime/Export/Debug/Debug.bindings.h Line: 35)

02/17/2021 18:03:46: Stream Calc time 749,0726 ms
 
(Filename: C:\buildslave\unity\build\Runtime/Export/Debug/Debug.bindings.h Line: 35)

02/17/2021 18:03:46: Load world Marciocabeca
 
(Filename: C:\buildslave\unity\build\Runtime/Export/Debug/Debug.bindings.h Line: 35)

02/17/2021 18:03:46: Loading 164755 zdos , my id 3133623287 data version:26
 
(Filename: C:\buildslave\unity\build\Runtime/Export/Debug/Debug.bindings.h Line: 35)

02/17/2021 18:03:47: Loaded 100000 dead zdos
 
(Filename: C:\buildslave\unity\build\Runtime/Export/Debug/Debug.bindings.h Line: 35)

02/17/2021 18:03:47: Removed 0 OLD generated ZDOS
 
(Filename: C:\buildslave\unity\build\Runtime/Export/Debug/Debug.bindings.h Line: 35)

02/17/2021 18:03:47: Loaded 7120 locations
 
(Filename: C:\buildslave\unity\build\Runtime/Export/Debug/Debug.bindings.h Line: 35)

02/17/2021 18:03:47: Build settings:10
 
(Filename: C:\buildslave\unity\build\Runtime/Export/Debug/Debug.bindings.h Line: 35)

02/17/2021 18:03:47: Removing -1233507428
 
(Filename: C:\buildslave\unity\build\Runtime/Export/Debug/Debug.bindings.h Line: 35)

02/17/2021 18:03:47: Removing 1883198027
 
(Filename: C:\buildslave\unity\build\Runtime/Export/Debug/Debug.bindings.h Line: 35)

02/17/2021 18:03:47: Removing 868418350
 
(Filename: C:\buildslave\unity\build\Runtime/Export/Debug/Debug.bindings.h Line: 35)

02/17/2021 18:03:47: Removing -535269195
 
(Filename: C:\buildslave\unity\build\Runtime/Export/Debug/Debug.bindings.h Line: 35)

02/17/2021 18:03:47: Removing 1547815568
 
(Filename: C:\buildslave\unity\build\Runtime/Export/Debug/Debug.bindings.h Line: 35)

02/17/2021 18:03:47: Removing -359949137
 
(Filename: C:\buildslave\unity\build\Runtime/Export/Debug/Debug.bindings.h Line: 35)

02/17/2021 18:03:47: Removing 319464002
 
(Filename: C:\buildslave\unity\build\Runtime/Export/Debug/Debug.bindings.h Line: 35)

02/17/2021 18:03:47: Removing 1225882809
 
(Filename: C:\buildslave\unity\build\Runtime/Export/Debug/Debug.bindings.h Line: 35)

02/17/2021 18:03:47: Removing 404029124
 
(Filename: C:\buildslave\unity\build\Runtime/Export/Debug/Debug.bindings.h Line: 35)

02/17/2021 18:03:47: Audioman already exist, destroying self
 
(Filename: C:\buildslave\unity\build\Runtime/Export/Debug/Debug.bindings.h Line: 35)

02/17/2021 18:03:47: Checking for installed DLCs
 
(Filename: C:\buildslave\unity\build\Runtime/Export/Debug/Debug.bindings.h Line: 35)

02/17/2021 18:03:47: DLC:beta installed:False
 
(Filename: C:\buildslave\unity\build\Runtime/Export/Debug/Debug.bindings.h Line: 35)


Unloading 495 unused Assets to reduce memory usage. Loaded Objects now: 86952.
Total: 122.801600 ms (FindLiveObjects: 3.417300 ms CreateObjectMapping: 4.017000 ms MarkObjects: 110.652700 ms  DeleteObjects: 4.714500 ms)

02/17/2021 18:03:49: Zonesystem Start 1037
 
(Filename: C:\buildslave\unity\build\Runtime/Export/Debug/Debug.bindings.h Line: 35)

02/17/2021 18:03:49: DungeonDB Start 1037
 
(Filename: C:\buildslave\unity\build\Runtime/Export/Debug/Debug.bindings.h Line: 35)

02/17/2021 18:03:50: Lobby was created k_EResultOK  109775241146601486  error:False
 
(Filename: C:\buildslave\unity\build\Runtime/Export/Debug/Debug.bindings.h Line: 35)

02/17/2021 18:03:50: Got requested lobby data
 
(Filename: C:\buildslave\unity\build\Runtime/Export/Debug/Debug.bindings.h Line: 35)

02/17/2021 18:03:57: Got requested lobby data
 
(Filename: C:\buildslave\unity\build\Runtime/Export/Debug/Debug.bindings.h Line: 35)

02/17/2021 18:03:57: Starting respawn
 
(Filename: C:\buildslave\unity\build\Runtime/Export/Debug/Debug.bindings.h Line: 35)

02/17/2021 18:03:57: tip:$loadscreen_tip21
 
(Filename: C:\buildslave\unity\build\Runtime/Export/Debug/Debug.bindings.h Line: 35)

02/17/2021 18:04:05: Spawned after 8,019994
 
(Filename: C:\buildslave\unity\build\Runtime/Export/Debug/Debug.bindings.h Line: 35)

02/17/2021 18:04:05: Minimap: Adding unique location (197.8, 77.8, -261.8)
 
(Filename: C:\buildslave\unity\build\Runtime/Export/Debug/Debug.bindings.h Line: 35)

02/17/2021 18:04:07: Resumed music blackforest at 0
 
(Filename: C:\buildslave\unity\build\Runtime/Export/Debug/Debug.bindings.h Line: 35)

02/17/2021 18:04:44: Setting selected recipe 0
 
(Filename: C:\buildslave\unity\build\Runtime/Export/Debug/Debug.bindings.h Line: 35)

02/17/2021 18:04:44: UI Group status changed root = True
 
(Filename: C:\buildslave\unity\build\Runtime/Export/Debug/Debug.bindings.h Line: 35)

02/17/2021 18:04:44: UI Group status changed Player = True
 
(Filename: C:\buildslave\unity\build\Runtime/Export/Debug/Debug.bindings.h Line: 35)

02/17/2021 18:05:18: Setting selected recipe 0
 
(Filename: C:\buildslave\unity\build\Runtime/Export/Debug/Debug.bindings.h Line: 35)

02/17/2021 18:05:18: UI Group status changed root = True
 
(Filename: C:\buildslave\unity\build\Runtime/Export/Debug/Debug.bindings.h Line: 35)

02/17/2021 18:05:18: UI Group status changed Player = True
 
(Filename: C:\buildslave\unity\build\Runtime/Export/Debug/Debug.bindings.h Line: 35)

02/17/2021 18:05:23: Setting selected recipe 0
 
(Filename: C:\buildslave\unity\build\Runtime/Export/Debug/Debug.bindings.h Line: 35)

02/17/2021 18:05:23: UI Group status changed root = True
 
(Filename: C:\buildslave\unity\build\Runtime/Export/Debug/Debug.bindings.h Line: 35)

02/17/2021 18:05:23: UI Group status changed Player = True
 
(Filename: C:\buildslave\unity\build\Runtime/Export/Debug/Debug.bindings.h Line: 35)

02/17/2021 18:05:49: Loading dungeon
 
(Filename: C:\buildslave\unity\build\Runtime/Export/Debug/Debug.bindings.h Line: 35)

02/17/2021 18:05:49: Dungeon loaded 34
 
(Filename: C:\buildslave\unity\build\Runtime/Export/Debug/Debug.bindings.h Line: 35)

02/17/2021 18:05:49: Dungeon load time 13,9989 ms
 
(Filename: C:\buildslave\unity\build\Runtime/Export/Debug/Debug.bindings.h Line: 35)

02/17/2021 18:06:08: Setting selected recipe 0
 
(Filename: C:\buildslave\unity\build\Runtime/Export/Debug/Debug.bindings.h Line: 35)

02/17/2021 18:06:08: UI Group status changed root = True
 
(Filename: C:\buildslave\unity\build\Runtime/Export/Debug/Debug.bindings.h Line: 35)

02/17/2021 18:06:08: UI Group status changed Player = True
 
(Filename: C:\buildslave\unity\build\Runtime/Export/Debug/Debug.bindings.h Line: 35)

02/17/2021 18:06:08: Stoped music blackforest at 5340921
 
(Filename: C:\buildslave\unity\build\Runtime/Export/Debug/Debug.bindings.h Line: 35)

02/17/2021 18:06:09: Resumed music mountain at 0
 
(Filename: C:\buildslave\unity\build\Runtime/Export/Debug/Debug.bindings.h Line: 35)

02/17/2021 18:06:35: Stoped music mountain at 1156243
 
(Filename: C:\buildslave\unity\build\Runtime/Export/Debug/Debug.bindings.h Line: 35)

02/17/2021 18:06:35: Resumed music blackforest at 5340921
 
(Filename: C:\buildslave\unity\build\Runtime/Export/Debug/Debug.bindings.h Line: 35)

02/17/2021 18:06:36: Setting selected recipe 0
 
(Filename: C:\buildslave\unity\build\Runtime/Export/Debug/Debug.bindings.h Line: 35)

02/17/2021 18:06:36: UI Group status changed root = True
 
(Filename: C:\buildslave\unity\build\Runtime/Export/Debug/Debug.bindings.h Line: 35)

02/17/2021 18:06:36: UI Group status changed Player = True
 
(Filename: C:\buildslave\unity\build\Runtime/Export/Debug/Debug.bindings.h Line: 35)

02/17/2021 18:06:51: Setting selected recipe 0
 
(Filename: C:\buildslave\unity\build\Runtime/Export/Debug/Debug.bindings.h Line: 35)

02/17/2021 18:06:51: UI Group status changed root = True
 
(Filename: C:\buildslave\unity\build\Runtime/Export/Debug/Debug.bindings.h Line: 35)

02/17/2021 18:06:51: UI Group status changed Player = True
 
(Filename: C:\buildslave\unity\build\Runtime/Export/Debug/Debug.bindings.h Line: 35)

02/17/2021 18:07:01: Setting selected recipe 0
 
(Filename: C:\buildslave\unity\build\Runtime/Export/Debug/Debug.bindings.h Line: 35)

02/17/2021 18:07:01: UI Group status changed root = True
 
(Filename: C:\buildslave\unity\build\Runtime/Export/Debug/Debug.bindings.h Line: 35)

02/17/2021 18:07:01: UI Group status changed Player = True
 
(Filename: C:\buildslave\unity\build\Runtime/Export/Debug/Debug.bindings.h Line: 35)

02/17/2021 18:07:31: Loading dungeon
 
(Filename: C:\buildslave\unity\build\Runtime/Export/Debug/Debug.bindings.h Line: 35)

02/17/2021 18:07:31: Dungeon loaded 11
 
(Filename: C:\buildslave\unity\build\Runtime/Export/Debug/Debug.bindings.h Line: 35)

02/17/2021 18:07:31: Dungeon load time 35,0019 ms
 
(Filename: C:\buildslave\unity\build\Runtime/Export/Debug/Debug.bindings.h Line: 35)

02/17/2021 18:07:34: Spawned Neck x 2
 
(Filename: C:\buildslave\unity\build\Runtime/Export/Debug/Debug.bindings.h Line: 35)

02/17/2021 18:07:56: Stoped music blackforest at 8903730
 
(Filename: C:\buildslave\unity\build\Runtime/Export/Debug/Debug.bindings.h Line: 35)

02/17/2021 18:07:56: Resumed music meadows at 0
 
(Filename: C:\buildslave\unity\build\Runtime/Export/Debug/Debug.bindings.h Line: 35)

02/17/2021 18:08:19: Loading dungeon
 
(Filename: C:\buildslave\unity\build\Runtime/Export/Debug/Debug.bindings.h Line: 35)

02/17/2021 18:08:20: Dungeon loaded 11
 
(Filename: C:\buildslave\unity\build\Runtime/Export/Debug/Debug.bindings.h Line: 35)

02/17/2021 18:08:20: Dungeon load time 52,0004 ms
 
(Filename: C:\buildslave\unity\build\Runtime/Export/Debug/Debug.bindings.h Line: 35)

02/17/2021 18:08:22: Loading dungeon
 
(Filename: C:\buildslave\unity\build\Runtime/Export/Debug/Debug.bindings.h Line: 35)

02/17/2021 18:08:22: Dungeon loaded 11
 
(Filename: C:\buildslave\unity\build\Runtime/Export/Debug/Debug.bindings.h Line: 35)

02/17/2021 18:08:22: Dungeon load time 42,0007 ms
 
(Filename: C:\buildslave\unity\build\Runtime/Export/Debug/Debug.bindings.h Line: 35)

02/17/2021 18:09:28: Setting selected recipe 0
 
(Filename: C:\buildslave\unity\build\Runtime/Export/Debug/Debug.bindings.h Line: 35)

02/17/2021 18:09:28: UI Group status changed root = True
 
(Filename: C:\buildslave\unity\build\Runtime/Export/Debug/Debug.bindings.h Line: 35)

02/17/2021 18:09:28: UI Group status changed Player = True
 
(Filename: C:\buildslave\unity\build\Runtime/Export/Debug/Debug.bindings.h Line: 35)

02/17/2021 18:10:42: Setting selected recipe 0
 
(Filename: C:\buildslave\unity\build\Runtime/Export/Debug/Debug.bindings.h Line: 35)

02/17/2021 18:10:42: UI Group status changed root = True
 
(Filename: C:\buildslave\unity\build\Runtime/Export/Debug/Debug.bindings.h Line: 35)

02/17/2021 18:10:42: UI Group status changed Player = True
 
(Filename: C:\buildslave\unity\build\Runtime/Export/Debug/Debug.bindings.h Line: 35)

02/17/2021 18:11:35: Setting selected recipe 0
 
(Filename: C:\buildslave\unity\build\Runtime/Export/Debug/Debug.bindings.h Line: 35)

02/17/2021 18:11:35: UI Group status changed root = True
 
(Filename: C:\buildslave\unity\build\Runtime/Export/Debug/Debug.bindings.h Line: 35)

02/17/2021 18:11:35: UI Group status changed Player = True
 
(Filename: C:\buildslave\unity\build\Runtime/Export/Debug/Debug.bindings.h Line: 35)

02/17/2021 18:11:38: Setting selected recipe 0
 
(Filename: C:\buildslave\unity\build\Runtime/Export/Debug/Debug.bindings.h Line: 35)

02/17/2021 18:11:41: Item is not in this container
 
(Filename: C:\buildslave\unity\build\Runtime/Export/Debug/Debug.bindings.h Line: 35)

02/17/2021 18:11:41: Setting selected recipe 0
 
(Filename: C:\buildslave\unity\build\Runtime/Export/Debug/Debug.bindings.h Line: 35)

02/17/2021 18:11:59: Spawned Neck x 3
 
(Filename: C:\buildslave\unity\build\Runtime/Export/Debug/Debug.bindings.h Line: 35)

Unloading 6 Unused Serialized files (Serialized files now loaded: 0)

Unloading 1189 unused Assets to reduce memory usage. Loaded Objects now: 1298699.
Total: 409.528400 ms (FindLiveObjects: 74.252000 ms CreateObjectMapping: 14.904000 ms MarkObjects: 317.743100 ms  DeleteObjects: 2.629000 ms)

02/17/2021 18:15:05: Spawned Neck x 2
 
(Filename: C:\buildslave\unity\build\Runtime/Export/Debug/Debug.bindings.h Line: 35)

02/17/2021 18:15:05: Spawned Greyling x 1
 
(Filename: C:\buildslave\unity\build\Runtime/Export/Debug/Debug.bindings.h Line: 35)

02/17/2021 18:15:55: Possible events:0
 
(Filename: C:\buildslave\unity\build\Runtime/Export/Debug/Debug.bindings.h Line: 35)

02/17/2021 18:15:59: Spawned Boar x 3
 
(Filename: C:\buildslave\unity\build\Runtime/Export/Debug/Debug.bindings.h Line: 35)

02/17/2021 18:15:59: Done fading color
 
(Filename: C:\buildslave\unity\build\Runtime/Export/Debug/Debug.bindings.h Line: 35)

02/17/2021 18:15:59: Done fading color
 
(Filename: C:\buildslave\unity\build\Runtime/Export/Debug/Debug.bindings.h Line: 35)

02/17/2021 18:16:23: Spawned Greyling x 1
 
(Filename: C:\buildslave\unity\build\Runtime/Export/Debug/Debug.bindings.h Line: 35)

02/17/2021 18:16:24: Setting selected recipe 0
 
(Filename: C:\buildslave\unity\build\Runtime/Export/Debug/Debug.bindings.h Line: 35)

02/17/2021 18:16:24: UI Group status changed root = True
 
(Filename: C:\buildslave\unity\build\Runtime/Export/Debug/Debug.bindings.h Line: 35)

02/17/2021 18:16:24: UI Group status changed Player = True
 
(Filename: C:\buildslave\unity\build\Runtime/Export/Debug/Debug.bindings.h Line: 35)

02/17/2021 18:16:41: Loading dungeon
 
(Filename: C:\buildslave\unity\build\Runtime/Export/Debug/Debug.bindings.h Line: 35)

02/17/2021 18:16:41: Dungeon loaded 30
 
(Filename: C:\buildslave\unity\build\Runtime/Export/Debug/Debug.bindings.h Line: 35)

02/17/2021 18:16:41: Dungeon load time 14,9992 ms
 
(Filename: C:\buildslave\unity\build\Runtime/Export/Debug/Debug.bindings.h Line: 35)

02/17/2021 18:17:14: Loading dungeon
 
(Filename: C:\buildslave\unity\build\Runtime/Export/Debug/Debug.bindings.h Line: 35)

02/17/2021 18:17:14: Dungeon loaded 34
 
(Filename: C:\buildslave\unity\build\Runtime/Export/Debug/Debug.bindings.h Line: 35)

02/17/2021 18:17:14: Dungeon load time 12,9995 ms
 
(Filename: C:\buildslave\unity\build\Runtime/Export/Debug/Debug.bindings.h Line: 35)

02/17/2021 18:17:40: Player 3133623287 wants to open piece_chest_wood(Clone)   im: 3133623287
 
(Filename: C:\buildslave\unity\build\Runtime/Export/Debug/Debug.bindings.h Line: 35)

02/17/2021 18:17:40: Setting selected recipe 0
 
(Filename: C:\buildslave\unity\build\Runtime/Export/Debug/Debug.bindings.h Line: 35)

02/17/2021 18:17:40: UI Group status changed root = True
 
(Filename: C:\buildslave\unity\build\Runtime/Export/Debug/Debug.bindings.h Line: 35)

02/17/2021 18:17:40: UI Group status changed Player = True
 
(Filename: C:\buildslave\unity\build\Runtime/Export/Debug/Debug.bindings.h Line: 35)

02/17/2021 18:17:43: Player 3133623287 wants to open piece_chest_wood(Clone)   im: 3133623287
 
(Filename: C:\buildslave\unity\build\Runtime/Export/Debug/Debug.bindings.h Line: 35)

02/17/2021 18:17:43: Setting selected recipe 0
 
(Filename: C:\buildslave\unity\build\Runtime/Export/Debug/Debug.bindings.h Line: 35)

02/17/2021 18:17:43: UI Group status changed root = True
 
(Filename: C:\buildslave\unity\build\Runtime/Export/Debug/Debug.bindings.h Line: 35)

02/17/2021 18:17:43: UI Group status changed Player = True
 
(Filename: C:\buildslave\unity\build\Runtime/Export/Debug/Debug.bindings.h Line: 35)

02/17/2021 18:17:49: Stoped music meadows at 6740970
 
(Filename: C:\buildslave\unity\build\Runtime/Export/Debug/Debug.bindings.h Line: 35)

02/17/2021 18:17:50: Setting selected recipe 0
 
(Filename: C:\buildslave\unity\build\Runtime/Export/Debug/Debug.bindings.h Line: 35)

02/17/2021 18:17:50: UI Group status changed root = True
 
(Filename: C:\buildslave\unity\build\Runtime/Export/Debug/Debug.bindings.h Line: 35)

02/17/2021 18:17:50: UI Group status changed Player = True
 
(Filename: C:\buildslave\unity\build\Runtime/Export/Debug/Debug.bindings.h Line: 35)

02/17/2021 18:17:56: Setting selected recipe 0
 
(Filename: C:\buildslave\unity\build\Runtime/Export/Debug/Debug.bindings.h Line: 35)

02/17/2021 18:18:23: Setting selected recipe 1
 
(Filename: C:\buildslave\unity\build\Runtime/Export/Debug/Debug.bindings.h Line: 35)

02/17/2021 18:18:24: Setting selected recipe 2
 
(Filename: C:\buildslave\unity\build\Runtime/Export/Debug/Debug.bindings.h Line: 35)

02/17/2021 18:18:24: Setting selected recipe 3
 
(Filename: C:\buildslave\unity\build\Runtime/Export/Debug/Debug.bindings.h Line: 35)

02/17/2021 18:18:25: Setting selected recipe 0
 
(Filename: C:\buildslave\unity\build\Runtime/Export/Debug/Debug.bindings.h Line: 35)

02/17/2021 18:18:26: Setting selected recipe 1
 
(Filename: C:\buildslave\unity\build\Runtime/Export/Debug/Debug.bindings.h Line: 35)

02/17/2021 18:18:27: Setting selected recipe 2
 
(Filename: C:\buildslave\unity\build\Runtime/Export/Debug/Debug.bindings.h Line: 35)

02/17/2021 18:18:47: Setting selected recipe 2
 
(Filename: C:\buildslave\unity\build\Runtime/Export/Debug/Debug.bindings.h Line: 35)

02/17/2021 18:18:53: Setting selected recipe 2
 
(Filename: C:\buildslave\unity\build\Runtime/Export/Debug/Debug.bindings.h Line: 35)

02/17/2021 18:19:06: Disabling PlayerBase  character_trigger
 
(Filename: C:\buildslave\unity\build\Runtime/Export/Debug/Debug.bindings.h Line: 35)

02/17/2021 18:19:19: Placed bed
 
(Filename: C:\buildslave\unity\build\Runtime/Export/Debug/Debug.bindings.h Line: 35)

02/17/2021 18:19:19: Disabling PlayerBase  character_trigger
 
(Filename: C:\buildslave\unity\build\Runtime/Export/Debug/Debug.bindings.h Line: 35)

02/17/2021 18:19:23: Setting selected recipe 0
 
(Filename: C:\buildslave\unity\build\Runtime/Export/Debug/Debug.bindings.h Line: 35)

02/17/2021 18:19:23: UI Group status changed root = True
 
(Filename: C:\buildslave\unity\build\Runtime/Export/Debug/Debug.bindings.h Line: 35)

02/17/2021 18:19:23: UI Group status changed Player = True
 
(Filename: C:\buildslave\unity\build\Runtime/Export/Debug/Debug.bindings.h Line: 35)

02/17/2021 18:19:55: Disabling PlayerBase  character_trigger
 
(Filename: C:\buildslave\unity\build\Runtime/Export/Debug/Debug.bindings.h Line: 35)

02/17/2021 18:19:58: Disabling PlayerBase  character_trigger
 
(Filename: C:\buildslave\unity\build\Runtime/Export/Debug/Debug.bindings.h Line: 35)

02/17/2021 18:20:20: Setting selected recipe 2
 
(Filename: C:\buildslave\unity\build\Runtime/Export/Debug/Debug.bindings.h Line: 35)

02/17/2021 18:20:20: UI Group status changed root = True
 
(Filename: C:\buildslave\unity\build\Runtime/Export/Debug/Debug.bindings.h Line: 35)

02/17/2021 18:20:20: UI Group status changed Player = True
 
(Filename: C:\buildslave\unity\build\Runtime/Export/Debug/Debug.bindings.h Line: 35)

02/17/2021 18:20:22: Setting selected recipe 0
 
(Filename: C:\buildslave\unity\build\Runtime/Export/Debug/Debug.bindings.h Line: 35)

02/17/2021 18:20:23: Setting selected recipe 0
 
(Filename: C:\buildslave\unity\build\Runtime/Export/Debug/Debug.bindings.h Line: 35)

02/17/2021 18:20:28: Setting selected recipe 0
 
(Filename: C:\buildslave\unity\build\Runtime/Export/Debug/Debug.bindings.h Line: 35)

02/17/2021 18:20:28: UI Group status changed root = True
 
(Filename: C:\buildslave\unity\build\Runtime/Export/Debug/Debug.bindings.h Line: 35)

02/17/2021 18:20:28: UI Group status changed Player = True
 
(Filename: C:\buildslave\unity\build\Runtime/Export/Debug/Debug.bindings.h Line: 35)

02/17/2021 18:20:30: Disabling PlayerBase  character_trigger
 
(Filename: C:\buildslave\unity\build\Runtime/Export/Debug/Debug.bindings.h Line: 35)

02/17/2021 18:20:46: UI Group status changed MenuRoot = True
 
(Filename: C:\buildslave\unity\build\Runtime/Export/Debug/Debug.bindings.h Line: 35)

02/17/2021 18:20:50: Setting selected recipe 0
 
(Filename: C:\buildslave\unity\build\Runtime/Export/Debug/Debug.bindings.h Line: 35)

02/17/2021 18:20:50: UI Group status changed root = True
 
(Filename: C:\buildslave\unity\build\Runtime/Export/Debug/Debug.bindings.h Line: 35)

02/17/2021 18:20:50: UI Group status changed Player = True
 
(Filename: C:\buildslave\unity\build\Runtime/Export/Debug/Debug.bindings.h Line: 35)

02/17/2021 18:20:54: Player 3133623287 wants to open piece_chest_wood(Clone)   im: 3133623287
 
(Filename: C:\buildslave\unity\build\Runtime/Export/Debug/Debug.bindings.h Line: 35)

02/17/2021 18:20:54: Setting selected recipe 0
 
(Filename: C:\buildslave\unity\build\Runtime/Export/Debug/Debug.bindings.h Line: 35)

02/17/2021 18:20:54: UI Group status changed root = True
 
(Filename: C:\buildslave\unity\build\Runtime/Export/Debug/Debug.bindings.h Line: 35)

02/17/2021 18:20:54: UI Group status changed Player = True
 
(Filename: C:\buildslave\unity\build\Runtime/Export/Debug/Debug.bindings.h Line: 35)

02/17/2021 18:20:56: Stoped music home at 108323
 
(Filename: C:\buildslave\unity\build\Runtime/Export/Debug/Debug.bindings.h Line: 35)

02/17/2021 18:20:56: Resumed music meadows at 6740970
 
(Filename: C:\buildslave\unity\build\Runtime/Export/Debug/Debug.bindings.h Line: 35)

02/17/2021 18:20:59: Item is not in this container
 
(Filename: C:\buildslave\unity\build\Runtime/Export/Debug/Debug.bindings.h Line: 35)

02/17/2021 18:20:59: Setting selected recipe 0
 
(Filename: C:\buildslave\unity\build\Runtime/Export/Debug/Debug.bindings.h Line: 35)

02/17/2021 18:21:05: Setting selected recipe 0
 
(Filename: C:\buildslave\unity\build\Runtime/Export/Debug/Debug.bindings.h Line: 35)

02/17/2021 18:21:05: UI Group status changed root = True
 
(Filename: C:\buildslave\unity\build\Runtime/Export/Debug/Debug.bindings.h Line: 35)

02/17/2021 18:21:05: UI Group status changed Player = True
 
(Filename: C:\buildslave\unity\build\Runtime/Export/Debug/Debug.bindings.h Line: 35)

02/17/2021 18:21:07: Setting selected recipe 0
 
(Filename: C:\buildslave\unity\build\Runtime/Export/Debug/Debug.bindings.h Line: 35)

02/17/2021 18:21:15: Drop item $item_thistle
 
(Filename: C:\buildslave\unity\build\Runtime/Export/Debug/Debug.bindings.h Line: 35)

02/17/2021 18:21:15: drop all 1  1
 
(Filename: C:\buildslave\unity\build\Runtime/Export/Debug/Debug.bindings.h Line: 35)

02/17/2021 18:21:15: Setting selected recipe 0
 
(Filename: C:\buildslave\unity\build\Runtime/Export/Debug/Debug.bindings.h Line: 35)

02/17/2021 18:21:19: Setting selected recipe 0
 
(Filename: C:\buildslave\unity\build\Runtime/Export/Debug/Debug.bindings.h Line: 35)

02/17/2021 18:21:19: UI Group status changed root = True
 
(Filename: C:\buildslave\unity\build\Runtime/Export/Debug/Debug.bindings.h Line: 35)

02/17/2021 18:21:19: UI Group status changed Player = True
 
(Filename: C:\buildslave\unity\build\Runtime/Export/Debug/Debug.bindings.h Line: 35)

02/17/2021 18:21:21: Player 3133623287 wants to open piece_chest_wood(Clone)   im: 3133623287
 
(Filename: C:\buildslave\unity\build\Runtime/Export/Debug/Debug.bindings.h Line: 35)

02/17/2021 18:21:21: Setting selected recipe 0
 
(Filename: C:\buildslave\unity\build\Runtime/Export/Debug/Debug.bindings.h Line: 35)

02/17/2021 18:21:21: UI Group status changed root = True
 
(Filename: C:\buildslave\unity\build\Runtime/Export/Debug/Debug.bindings.h Line: 35)

02/17/2021 18:21:21: UI Group status changed Player = True
 
(Filename: C:\buildslave\unity\build\Runtime/Export/Debug/Debug.bindings.h Line: 35)

02/17/2021 18:21:25: Player 3133623287 wants to open piece_chest_wood(Clone)   im: 3133623287
 
(Filename: C:\buildslave\unity\build\Runtime/Export/Debug/Debug.bindings.h Line: 35)

02/17/2021 18:21:25: Setting selected recipe 0
 
(Filename: C:\buildslave\unity\build\Runtime/Export/Debug/Debug.bindings.h Line: 35)

02/17/2021 18:21:25: UI Group status changed root = True
 
(Filename: C:\buildslave\unity\build\Runtime/Export/Debug/Debug.bindings.h Line: 35)

02/17/2021 18:21:25: UI Group status changed Player = True
 
(Filename: C:\buildslave\unity\build\Runtime/Export/Debug/Debug.bindings.h Line: 35)

02/17/2021 18:21:30: Setting selected recipe 0
 
(Filename: C:\buildslave\unity\build\Runtime/Export/Debug/Debug.bindings.h Line: 35)

02/17/2021 18:21:32: Setting selected recipe 0
 
(Filename: C:\buildslave\unity\build\Runtime/Export/Debug/Debug.bindings.h Line: 35)

02/17/2021 18:21:32: UI Group status changed root = True
 
(Filename: C:\buildslave\unity\build\Runtime/Export/Debug/Debug.bindings.h Line: 35)

02/17/2021 18:21:32: UI Group status changed Player = True
 
(Filename: C:\buildslave\unity\build\Runtime/Export/Debug/Debug.bindings.h Line: 35)

02/17/2021 18:21:37: Setting selected recipe 0
 
(Filename: C:\buildslave\unity\build\Runtime/Export/Debug/Debug.bindings.h Line: 35)

02/17/2021 18:21:42: Setting selected recipe 0
 
(Filename: C:\buildslave\unity\build\Runtime/Export/Debug/Debug.bindings.h Line: 35)

02/17/2021 18:21:42: UI Group status changed root = True
 
(Filename: C:\buildslave\unity\build\Runtime/Export/Debug/Debug.bindings.h Line: 35)

02/17/2021 18:21:42: UI Group status changed Player = True
 
(Filename: C:\buildslave\unity\build\Runtime/Export/Debug/Debug.bindings.h Line: 35)

02/17/2021 18:21:45: Setting selected recipe 1
 
(Filename: C:\buildslave\unity\build\Runtime/Export/Debug/Debug.bindings.h Line: 35)

02/17/2021 18:21:46: Setting selected recipe 0
 
(Filename: C:\buildslave\unity\build\Runtime/Export/Debug/Debug.bindings.h Line: 35)

02/17/2021 18:22:02: UI Group status changed MenuRoot = True
 
(Filename: C:\buildslave\unity\build\Runtime/Export/Debug/Debug.bindings.h Line: 35)

02/17/2021 18:22:03: UI Group status changed MenuRoot = True
 
(Filename: C:\buildslave\unity\build\Runtime/Export/Debug/Debug.bindings.h Line: 35)

02/17/2021 18:22:05: Setting selected recipe 0
 
(Filename: C:\buildslave\unity\build\Runtime/Export/Debug/Debug.bindings.h Line: 35)

02/17/2021 18:22:05: UI Group status changed root = True
 
(Filename: C:\buildslave\unity\build\Runtime/Export/Debug/Debug.bindings.h Line: 35)

02/17/2021 18:22:05: UI Group status changed Player = True
 
(Filename: C:\buildslave\unity\build\Runtime/Export/Debug/Debug.bindings.h Line: 35)

02/17/2021 18:22:08: Setting selected recipe 0
 
(Filename: C:\buildslave\unity\build\Runtime/Export/Debug/Debug.bindings.h Line: 35)

02/17/2021 18:22:08: UI Group status changed root = True
 
(Filename: C:\buildslave\unity\build\Runtime/Export/Debug/Debug.bindings.h Line: 35)

02/17/2021 18:22:08: UI Group status changed Player = True
 
(Filename: C:\buildslave\unity\build\Runtime/Export/Debug/Debug.bindings.h Line: 35)

02/17/2021 18:22:17: Setting selected recipe 0
 
(Filename: C:\buildslave\unity\build\Runtime/Export/Debug/Debug.bindings.h Line: 35)

02/17/2021 18:22:17: UI Group status changed root = True
 
(Filename: C:\buildslave\unity\build\Runtime/Export/Debug/Debug.bindings.h Line: 35)

02/17/2021 18:22:17: UI Group status changed Player = True
 
(Filename: C:\buildslave\unity\build\Runtime/Export/Debug/Debug.bindings.h Line: 35)

02/17/2021 18:22:28: UI Group status changed MenuRoot = True
 
(Filename: C:\buildslave\unity\build\Runtime/Export/Debug/Debug.bindings.h Line: 35)

02/17/2021 18:22:36: UI Group status changed MenuRoot = True
 
(Filename: C:\buildslave\unity\build\Runtime/Export/Debug/Debug.bindings.h Line: 35)

02/17/2021 18:22:40: UI Group status changed MenuRoot = False
 
(Filename: C:\buildslave\unity\build\Runtime/Export/Debug/Debug.bindings.h Line: 35)

02/17/2021 18:22:41: Game - OnApplicationQuit
 
(Filename: C:\buildslave\unity\build\Runtime/Export/Debug/Debug.bindings.h Line: 35)

02/17/2021 18:22:41: ZNet Shutdown
 
(Filename: C:\buildslave\unity\build\Runtime/Export/Debug/Debug.bindings.h Line: 35)

02/17/2021 18:22:41: clone 170
 
(Filename: C:\buildslave\unity\build\Runtime/Export/Debug/Debug.bindings.h Line: 35)

02/17/2021 18:22:42: Saved 164693 zdos
 
(Filename: C:\buildslave\unity\build\Runtime/Export/Debug/Debug.bindings.h Line: 35)

02/17/2021 18:22:42: World saved ( 354,9984ms )
 
(Filename: C:\buildslave\unity\build\Runtime/Export/Debug/Debug.bindings.h Line: 35)

02/17/2021 18:22:42: Sending disconnect msg
 
(Filename: C:\buildslave\unity\build\Runtime/Export/Debug/Debug.bindings.h Line: 35)

02/17/2021 18:22:42: Disposing socket
 
(Filename: C:\buildslave\unity\build\Runtime/Export/Debug/Debug.bindings.h Line: 35)

02/17/2021 18:22:42: Closing socket 0
 
(Filename: C:\buildslave\unity\build\Runtime/Export/Debug/Debug.bindings.h Line: 35)

02/17/2021 18:22:42: Last socket, unregistering callback
 
(Filename: C:\buildslave\unity\build\Runtime/Export/Debug/Debug.bindings.h Line: 35)

02/17/2021 18:22:42: ZSteamSocket  UnregisterGlobalCallbacks, existing sockets:0
 
(Filename: C:\buildslave\unity\build\Runtime/Export/Debug/Debug.bindings.h Line: 35)

02/17/2021 18:22:42: ZNet OnDestroy
 
(Filename: C:\buildslave\unity\build\Runtime/Export/Debug/Debug.bindings.h Line: 35)

02/17/2021 18:22:42: Net scene destroyed
 
(Filename: C:\buildslave\unity\build\Runtime/Export/Debug/Debug.bindings.h Line: 35)

02/17/2021 18:22:43: Local player destroyed
 
(Filename: C:\buildslave\unity\build\Runtime/Export/Debug/Debug.bindings.h Line: 35)

02/17/2021 18:22:43: Steam manager on destroy
 
(Filename: C:\buildslave\unity\build\Runtime/Export/Debug/Debug.bindings.h Line: 35)

