Mono path[0] = 'C:/Users/alex/Desktop/Valheim/valheim_Data/Managed'
Mono config path = 'C:/Users/alex/Desktop/Valheim/MonoBleedingEdge/etc'
Initialize engine version: 2019.4.16f1 (e05b6e02d63e)
[Subsystems] Discovering subsystems at path C:/Users/alex/Desktop/Valheim/valheim_Data/UnitySubsystems
GfxDevice: creating device client; threaded=1
Direct3D:
    Version:  Direct3D 11.0 [level 11.1]
    Renderer: NVIDIA GeForce RTX 2060 SUPER (ID=0x1f06)
    Vendor:   
    VRAM:     8031 MB
    Driver:   27.21.14.6109
Begin MonoManager ReloadAssembly
- Completed reload, in  0.071 seconds
D3D11 device created for Microsoft Media Foundation video decoding.
<RI> Initializing input.
<RI> Input initialized.
<RI> Initialized touch support.
UnloadTime: 0.475100 ms
02/17/2021 12:29:40: Starting to load scene:start
 
(Filename: C:\buildslave\unity\build\Runtime/Export/Debug/Debug.bindings.h Line: 35)

Couldn't create a Convex Mesh from source mesh "RearBig" within the maximum polygons limit (256). The partial hull will be used. Consider simplifying your mesh. 
(Filename:  Line: 91)

Unloading 6 Unused Serialized files (Serialized files now loaded: 0)
Setting up 6 worker threads for Enlighten.
  Thread -> id: 202c -> priority: 1 
  Thread -> id: 3c1c -> priority: 1 
  Thread -> id: 4604 -> priority: 1 
  Thread -> id: 6d8 -> priority: 1 
  Thread -> id: 3ad8 -> priority: 1 
  Thread -> id: 3550 -> priority: 1 
UnloadTime: 4.162900 ms
Only custom filters can be played. Please add a custom filter or an audioclip to the audiosource (Amb_MainMenu). 
(Filename:  Line: 509)

Initializing Google Analytics 0.2. 
(Filename: C:\buildslave\unity\build\Runtime/Export/Debug/Debug.bindings.h Line: 35)

02/17/2021 12:29:47: Initializing world generator seed: ( 0 )   menu:True  worldgen version:1
 
(Filename: C:\buildslave\unity\build\Runtime/Export/Debug/Debug.bindings.h Line: 35)

02/17/2021 12:29:47: Using mountain distance: 1000
 
(Filename: C:\buildslave\unity\build\Runtime/Export/Debug/Debug.bindings.h Line: 35)

02/17/2021 12:29:47: Render threading mode:MultiThreaded
 
(Filename: C:\buildslave\unity\build\Runtime/Export/Debug/Debug.bindings.h Line: 35)

02/17/2021 12:29:47: Using environment steamid 892970
 
(Filename: C:\buildslave\unity\build\Runtime/Export/Debug/Debug.bindings.h Line: 35)

02/17/2021 12:29:47: Using steam APPID:892970
 
(Filename: C:\buildslave\unity\build\Runtime/Export/Debug/Debug.bindings.h Line: 35)

02/17/2021 12:29:47: Steam initialized, persona:Dukha
 
(Filename: C:\buildslave\unity\build\Runtime/Export/Debug/Debug.bindings.h Line: 35)

02/17/2021 12:29:47: Missing audio clip in music respawn
 
(Filename: C:\buildslave\unity\build\Runtime/Export/Debug/Debug.bindings.h Line: 35)

02/17/2021 12:29:47: Checking for installed DLCs
 
(Filename: C:\buildslave\unity\build\Runtime/Export/Debug/Debug.bindings.h Line: 35)

02/17/2021 12:29:47: DLC:beta installed:False
 
(Filename: C:\buildslave\unity\build\Runtime/Export/Debug/Debug.bindings.h Line: 35)

02/17/2021 12:29:47: Builder started
 
(Filename: C:\buildslave\unity\build\Runtime/Export/Debug/Debug.bindings.h Line: 35)

02/17/2021 12:29:48: Loaded localization English
 
(Filename: C:\buildslave\unity\build\Runtime/Export/Debug/Debug.bindings.h Line: 35)

02/17/2021 12:29:48: Loaded localization Portuguese_Brazilian
 
(Filename: C:\buildslave\unity\build\Runtime/Export/Debug/Debug.bindings.h Line: 35)

02/17/2021 12:29:48: ARG 0 C:\Users\alex\Desktop\Valheim\valheim.exe
 
(Filename: C:\buildslave\unity\build\Runtime/Export/Debug/Debug.bindings.h Line: 35)

02/17/2021 12:29:48: loading ordin
 
(Filename: C:\buildslave\unity\build\Runtime/Export/Debug/Debug.bindings.h Line: 35)

02/17/2021 12:29:48: Data size:4199328  hash size:64
 
(Filename: C:\buildslave\unity\build\Runtime/Export/Debug/Debug.bindings.h Line: 35)

02/17/2021 12:29:48: loading rajorn
 
(Filename: C:\buildslave\unity\build\Runtime/Export/Debug/Debug.bindings.h Line: 35)

02/17/2021 12:29:48: Data size:4201521  hash size:64
 
(Filename: C:\buildslave\unity\build\Runtime/Export/Debug/Debug.bindings.h Line: 35)


Unloading 16 unused Assets to reduce memory usage. Loaded Objects now: 87629.
Total: 40.689300 ms (FindLiveObjects: 3.478100 ms CreateObjectMapping: 3.731100 ms MarkObjects: 33.219500 ms  DeleteObjects: 0.260500 ms)

02/17/2021 12:29:50: UI Group status changed Menu = True
 
(Filename: C:\buildslave\unity\build\Runtime/Export/Debug/Debug.bindings.h Line: 35)

02/17/2021 12:29:53: show character selection
 
(Filename: C:\buildslave\unity\build\Runtime/Export/Debug/Debug.bindings.h Line: 35)

02/17/2021 12:30:00: OnCharacterStart
 
(Filename: C:\buildslave\unity\build\Runtime/Export/Debug/Debug.bindings.h Line: 35)

Unloading 6 Unused Serialized files (Serialized files now loaded: 0)
UnloadTime: 8.024800 ms
02/17/2021 12:30:08: Loading player profile ordin
 
(Filename: C:\buildslave\unity\build\Runtime/Export/Debug/Debug.bindings.h Line: 35)

02/17/2021 12:30:08: Data size:4199328  hash size:64
 
(Filename: C:\buildslave\unity\build\Runtime/Export/Debug/Debug.bindings.h Line: 35)

02/17/2021 12:30:08: Zonesystem Awake 1156
 
(Filename: C:\buildslave\unity\build\Runtime/Export/Debug/Debug.bindings.h Line: 35)

02/17/2021 12:30:08: DungeonDB Awake 1156
 
(Filename: C:\buildslave\unity\build\Runtime/Export/Debug/Debug.bindings.h Line: 35)

02/17/2021 12:30:08: Steam initialized, persona:Dukha
 
(Filename: C:\buildslave\unity\build\Runtime/Export/Debug/Debug.bindings.h Line: 35)

02/17/2021 12:30:08: ZSteamSocket  Registering global callbacks
 
(Filename: C:\buildslave\unity\build\Runtime/Export/Debug/Debug.bindings.h Line: 35)

02/17/2021 12:30:08: Registering lobby
 
(Filename: C:\buildslave\unity\build\Runtime/Export/Debug/Debug.bindings.h Line: 35)

02/17/2021 12:30:08: Initializing world generator seed:588hjydZpl ( 139821176 )   menu:False  worldgen version:1
 
(Filename: C:\buildslave\unity\build\Runtime/Export/Debug/Debug.bindings.h Line: 35)

02/17/2021 12:30:08: Using mountain distance: 1000
 
(Filename: C:\buildslave\unity\build\Runtime/Export/Debug/Debug.bindings.h Line: 35)

02/17/2021 12:30:08: Found 540 mountain points
 
(Filename: C:\buildslave\unity\build\Runtime/Export/Debug/Debug.bindings.h Line: 35)

02/17/2021 12:30:08: Remaining mountains:67
 
(Filename: C:\buildslave\unity\build\Runtime/Export/Debug/Debug.bindings.h Line: 35)

02/17/2021 12:30:08: Calc time 16,9972 ms
 
(Filename: C:\buildslave\unity\build\Runtime/Export/Debug/Debug.bindings.h Line: 35)

02/17/2021 12:30:08: Found 8551 lake points
 
(Filename: C:\buildslave\unity\build\Runtime/Export/Debug/Debug.bindings.h Line: 35)

02/17/2021 12:30:10: Remaining lakes:110
 
(Filename: C:\buildslave\unity\build\Runtime/Export/Debug/Debug.bindings.h Line: 35)

02/17/2021 12:30:10: Calc time 1944,5202 ms
 
(Filename: C:\buildslave\unity\build\Runtime/Export/Debug/Debug.bindings.h Line: 35)

02/17/2021 12:30:10: Rivers:140
 
(Filename: C:\buildslave\unity\build\Runtime/Export/Debug/Debug.bindings.h Line: 35)

02/17/2021 12:30:10: River buckets 14135
 
(Filename: C:\buildslave\unity\build\Runtime/Export/Debug/Debug.bindings.h Line: 35)

02/17/2021 12:30:10: River render time 192,0688 ms
 
(Filename: C:\buildslave\unity\build\Runtime/Export/Debug/Debug.bindings.h Line: 35)

02/17/2021 12:30:10: River Calc time 202,0705 ms
 
(Filename: C:\buildslave\unity\build\Runtime/Export/Debug/Debug.bindings.h Line: 35)

02/17/2021 12:30:11: River buckets 22309
 
(Filename: C:\buildslave\unity\build\Runtime/Export/Debug/Debug.bindings.h Line: 35)

02/17/2021 12:30:11: River render time 313,5452 ms
 
(Filename: C:\buildslave\unity\build\Runtime/Export/Debug/Debug.bindings.h Line: 35)

02/17/2021 12:30:11: Placed 1787 streams
 
(Filename: C:\buildslave\unity\build\Runtime/Export/Debug/Debug.bindings.h Line: 35)

02/17/2021 12:30:11: Stream Calc time 796,6363 ms
 
(Filename: C:\buildslave\unity\build\Runtime/Export/Debug/Debug.bindings.h Line: 35)

02/17/2021 12:30:11: Load world Marciocabeca
 
(Filename: C:\buildslave\unity\build\Runtime/Export/Debug/Debug.bindings.h Line: 35)

02/17/2021 12:30:11: Loading 164755 zdos , my id 3694828834 data version:26
 
(Filename: C:\buildslave\unity\build\Runtime/Export/Debug/Debug.bindings.h Line: 35)

02/17/2021 12:30:11: Loaded 100000 dead zdos
 
(Filename: C:\buildslave\unity\build\Runtime/Export/Debug/Debug.bindings.h Line: 35)

02/17/2021 12:30:11: Removed 0 OLD generated ZDOS
 
(Filename: C:\buildslave\unity\build\Runtime/Export/Debug/Debug.bindings.h Line: 35)

02/17/2021 12:30:11: Loaded 7120 locations
 
(Filename: C:\buildslave\unity\build\Runtime/Export/Debug/Debug.bindings.h Line: 35)

02/17/2021 12:30:11: Build settings:10
 
(Filename: C:\buildslave\unity\build\Runtime/Export/Debug/Debug.bindings.h Line: 35)

02/17/2021 12:30:11: Removing -1233507428
 
(Filename: C:\buildslave\unity\build\Runtime/Export/Debug/Debug.bindings.h Line: 35)

02/17/2021 12:30:11: Removing 1883198027
 
(Filename: C:\buildslave\unity\build\Runtime/Export/Debug/Debug.bindings.h Line: 35)

02/17/2021 12:30:11: Removing 868418350
 
(Filename: C:\buildslave\unity\build\Runtime/Export/Debug/Debug.bindings.h Line: 35)

02/17/2021 12:30:11: Removing -535269195
 
(Filename: C:\buildslave\unity\build\Runtime/Export/Debug/Debug.bindings.h Line: 35)

02/17/2021 12:30:11: Removing 1547815568
 
(Filename: C:\buildslave\unity\build\Runtime/Export/Debug/Debug.bindings.h Line: 35)

02/17/2021 12:30:11: Removing -359949137
 
(Filename: C:\buildslave\unity\build\Runtime/Export/Debug/Debug.bindings.h Line: 35)

02/17/2021 12:30:11: Removing 319464002
 
(Filename: C:\buildslave\unity\build\Runtime/Export/Debug/Debug.bindings.h Line: 35)

02/17/2021 12:30:11: Removing 1225882809
 
(Filename: C:\buildslave\unity\build\Runtime/Export/Debug/Debug.bindings.h Line: 35)

02/17/2021 12:30:11: Removing 404029124
 
(Filename: C:\buildslave\unity\build\Runtime/Export/Debug/Debug.bindings.h Line: 35)

02/17/2021 12:30:11: Audioman already exist, destroying self
 
(Filename: C:\buildslave\unity\build\Runtime/Export/Debug/Debug.bindings.h Line: 35)

02/17/2021 12:30:11: Checking for installed DLCs
 
(Filename: C:\buildslave\unity\build\Runtime/Export/Debug/Debug.bindings.h Line: 35)

02/17/2021 12:30:11: DLC:beta installed:False
 
(Filename: C:\buildslave\unity\build\Runtime/Export/Debug/Debug.bindings.h Line: 35)


Unloading 495 unused Assets to reduce memory usage. Loaded Objects now: 86952.
Total: 129.495300 ms (FindLiveObjects: 3.633900 ms CreateObjectMapping: 4.598300 ms MarkObjects: 114.328800 ms  DeleteObjects: 6.933900 ms)

02/17/2021 12:30:14: Zonesystem Start 1156
 
(Filename: C:\buildslave\unity\build\Runtime/Export/Debug/Debug.bindings.h Line: 35)

02/17/2021 12:30:14: DungeonDB Start 1156
 
(Filename: C:\buildslave\unity\build\Runtime/Export/Debug/Debug.bindings.h Line: 35)

02/17/2021 12:30:14: Starting respawn
 
(Filename: C:\buildslave\unity\build\Runtime/Export/Debug/Debug.bindings.h Line: 35)

02/17/2021 12:30:14: Lobby was created k_EResultOK  109775241146525347  error:False
 
(Filename: C:\buildslave\unity\build\Runtime/Export/Debug/Debug.bindings.h Line: 35)

02/17/2021 12:30:14: Got requested lobby data
 
(Filename: C:\buildslave\unity\build\Runtime/Export/Debug/Debug.bindings.h Line: 35)

02/17/2021 12:30:22: tip:$loadscreen_tip18
 
(Filename: C:\buildslave\unity\build\Runtime/Export/Debug/Debug.bindings.h Line: 35)

02/17/2021 12:30:22: Got requested lobby data
 
(Filename: C:\buildslave\unity\build\Runtime/Export/Debug/Debug.bindings.h Line: 35)

02/17/2021 12:30:30: Spawned after 8,019994
 
(Filename: C:\buildslave\unity\build\Runtime/Export/Debug/Debug.bindings.h Line: 35)

02/17/2021 12:30:30: Minimap: Adding unique location (197.8, 77.8, -261.8)
 
(Filename: C:\buildslave\unity\build\Runtime/Export/Debug/Debug.bindings.h Line: 35)

02/17/2021 12:30:32: Resumed music blackforest at 0
 
(Filename: C:\buildslave\unity\build\Runtime/Export/Debug/Debug.bindings.h Line: 35)

02/17/2021 12:30:59: UI Group status changed MenuRoot = False
 
(Filename: C:\buildslave\unity\build\Runtime/Export/Debug/Debug.bindings.h Line: 35)

02/17/2021 12:31:01: Game - OnApplicationQuit
 
(Filename: C:\buildslave\unity\build\Runtime/Export/Debug/Debug.bindings.h Line: 35)

02/17/2021 12:31:01: ZNet Shutdown
 
(Filename: C:\buildslave\unity\build\Runtime/Export/Debug/Debug.bindings.h Line: 35)

02/17/2021 12:31:01: clone 164
 
(Filename: C:\buildslave\unity\build\Runtime/Export/Debug/Debug.bindings.h Line: 35)

02/17/2021 12:31:01: Saved 164755 zdos
 
(Filename: C:\buildslave\unity\build\Runtime/Export/Debug/Debug.bindings.h Line: 35)

02/17/2021 12:31:01: World saved ( 327,9985ms )
 
(Filename: C:\buildslave\unity\build\Runtime/Export/Debug/Debug.bindings.h Line: 35)

02/17/2021 12:31:02: Sending disconnect msg
 
(Filename: C:\buildslave\unity\build\Runtime/Export/Debug/Debug.bindings.h Line: 35)

02/17/2021 12:31:02: Disposing socket
 
(Filename: C:\buildslave\unity\build\Runtime/Export/Debug/Debug.bindings.h Line: 35)

02/17/2021 12:31:02: Closing socket 0
 
(Filename: C:\buildslave\unity\build\Runtime/Export/Debug/Debug.bindings.h Line: 35)

02/17/2021 12:31:02: Last socket, unregistering callback
 
(Filename: C:\buildslave\unity\build\Runtime/Export/Debug/Debug.bindings.h Line: 35)

02/17/2021 12:31:02: ZSteamSocket  UnregisterGlobalCallbacks, existing sockets:0
 
(Filename: C:\buildslave\unity\build\Runtime/Export/Debug/Debug.bindings.h Line: 35)

02/17/2021 12:31:02: Local player destroyed
 
(Filename: C:\buildslave\unity\build\Runtime/Export/Debug/Debug.bindings.h Line: 35)

02/17/2021 12:31:02: ZNet OnDestroy
 
(Filename: C:\buildslave\unity\build\Runtime/Export/Debug/Debug.bindings.h Line: 35)

02/17/2021 12:31:02: Net scene destroyed
 
(Filename: C:\buildslave\unity\build\Runtime/Export/Debug/Debug.bindings.h Line: 35)

02/17/2021 12:31:02: Steam manager on destroy
 
(Filename: C:\buildslave\unity\build\Runtime/Export/Debug/Debug.bindings.h Line: 35)

